Fri May 15 15:35:33 CST 2015  [debug] AvalonLogSystem initialized using logfile 'D:\Workspace\LO29\.metadata\.plugins\com.genuitec.eclipse.templates\velocity.log'
Fri May 15 15:35:33 CST 2015   [info] ************************************************************** 
Fri May 15 15:35:33 CST 2015   [info] Starting Jakarta Velocity v1.4
Fri May 15 15:35:33 CST 2015   [info] RuntimeInstance initializing.
Fri May 15 15:35:33 CST 2015   [info] Default Properties File: org\apache\velocity\runtime\defaults\velocity.properties
Fri May 15 15:35:33 CST 2015   [info] Trying to use logger class org.apache.velocity.runtime.log.AvalonLogSystem
Fri May 15 15:35:33 CST 2015   [info] Using logger class org.apache.velocity.runtime.log.AvalonLogSystem
Fri May 15 15:35:33 CST 2015   [info] Default ResourceManager initializing. (class org.apache.velocity.runtime.resource.ResourceManagerImpl)
Fri May 15 15:35:33 CST 2015   [info] Resource Loader Instantiated: com.genuitec.eclipse.templates.internal.PluginResourceLoader
Fri May 15 15:35:33 CST 2015   [info] ResourceCache : initialized. (class org.apache.velocity.runtime.resource.ResourceCacheImpl)
Fri May 15 15:35:33 CST 2015   [info] Default ResourceManager initialization complete.
Fri May 15 15:35:33 CST 2015   [info] Loaded System Directive: org.apache.velocity.runtime.directive.Literal
Fri May 15 15:35:33 CST 2015   [info] Loaded System Directive: org.apache.velocity.runtime.directive.Macro
Fri May 15 15:35:33 CST 2015   [info] Loaded System Directive: org.apache.velocity.runtime.directive.Parse
Fri May 15 15:35:33 CST 2015   [info] Loaded System Directive: org.apache.velocity.runtime.directive.Include
Fri May 15 15:35:33 CST 2015   [info] Loaded System Directive: org.apache.velocity.runtime.directive.Foreach
Fri May 15 15:35:33 CST 2015   [info] Created: 20 parsers.
Fri May 15 15:35:33 CST 2015   [info] Velocimacro : initialization starting.
Fri May 15 15:35:33 CST 2015   [info] Velocimacro : adding VMs from VM library template : VM_global_library.vm
Fri May 15 15:35:33 CST 2015   [info] ResourceManager : found VM_global_library.vm with loader com.genuitec.eclipse.templates.internal.PluginResourceLoader
Fri May 15 15:35:33 CST 2015   [info] Velocimacro :  VM library template macro registration complete.
Fri May 15 15:35:33 CST 2015   [info] Velocimacro : allowInline = true : VMs can be defined inline in templates
Fri May 15 15:35:33 CST 2015   [info] Velocimacro : allowInlineToOverride = true : VMs defined inline may replace previous VM definitions
Fri May 15 15:35:33 CST 2015   [info] Velocimacro : allowInlineLocal = true : VMs defined inline will be local to their defining template only.
Fri May 15 15:35:33 CST 2015   [info] Velocimacro : messages on  : VM system will output logging messages
Fri May 15 15:35:33 CST 2015   [info] Velocimacro : autoload off  : VM system will not automatically reload global library macros
Fri May 15 15:35:33 CST 2015   [info] Velocimacro : initialization complete.
Fri May 15 15:35:33 CST 2015   [info] Velocity successfully started.
Fri May 15 15:35:33 CST 2015   [info] ResourceManager : found templates/web.xml.vm with loader com.genuitec.eclipse.templates.internal.PluginResourceLoader
Fri May 15 15:35:34 CST 2015   [info] ResourceManager : found /templates/velocity/welcome/Jsp.vtl with loader com.genuitec.eclipse.templates.internal.PluginResourceLoader
Fri May 15 15:58:34 CST 2015   [info] ResourceManager : found templates/web.xml.vm with loader com.genuitec.eclipse.templates.internal.PluginResourceLoader
Fri May 15 15:58:34 CST 2015   [info] ResourceManager : found /templates/velocity/welcome/Jsp.vtl with loader com.genuitec.eclipse.templates.internal.PluginResourceLoader
